{"C:\\Study\\BackEnd\\user-api\\app.test.js": {"path":"C:\\Study\\BackEnd\\user-api\\app.test.js","statementMap":{"0":{"start":{"line":2,"column":16},"end":{"line":2,"column":34}},"1":{"start":{"line":3,"column":12},"end":{"line":3,"column":21}},"2":{"start":{"line":5,"column":0},"end":{"line":5,"column":24}},"3":{"start":{"line":7,"column":19},"end":{"line":7,"column":43}},"4":{"start":{"line":8,"column":21},"end":{"line":8,"column":48}},"5":{"start":{"line":9,"column":19},"end":{"line":9,"column":43}},"6":{"start":{"line":11,"column":0},"end":{"line":11,"column":33}},"7":{"start":{"line":12,"column":0},"end":{"line":12,"column":39}},"8":{"start":{"line":13,"column":0},"end":{"line":13,"column":31}},"9":{"start":{"line":15,"column":0},"end":{"line":15,"column":21}}},"fnMap":{},"branchMap":{},"s":{"0":2,"1":2,"2":2,"3":2,"4":2,"5":2,"6":2,"7":2,"8":2,"9":2},"f":{},"b":{},"_coverageSchema":"1a1c01bbd47fc00a2c39e90264f33305004495a9","hash":"800288d382e50ad0e43f0fd58c797d506539192a"}
,"C:\\Study\\BackEnd\\user-api\\lib\\jwt.js": {"path":"C:\\Study\\BackEnd\\user-api\\lib\\jwt.js","statementMap":{"0":{"start":{"line":1,"column":12},"end":{"line":1,"column":35}},"1":{"start":{"line":2,"column":15},"end":{"line":2,"column":32}},"2":{"start":{"line":5,"column":19},"end":{"line":5,"column":83}},"3":{"start":{"line":6,"column":23},"end":{"line":6,"column":91}},"4":{"start":{"line":8,"column":23},"end":{"line":8,"column":28}},"5":{"start":{"line":9,"column":27},"end":{"line":9,"column":31}},"6":{"start":{"line":12,"column":2},"end":{"line":26,"column":4}},"7":{"start":{"line":30,"column":2},"end":{"line":34,"column":4}},"8":{"start":{"line":39,"column":2},"end":{"line":43,"column":5}},"9":{"start":{"line":46,"column":0},"end":{"line":46,"column":74}}},"fnMap":{"0":{"name":"signAccessToken","decl":{"start":{"line":11,"column":9},"end":{"line":11,"column":24}},"loc":{"start":{"line":11,"column":31},"end":{"line":27,"column":1}},"line":11},"1":{"name":"signRefreshToken","decl":{"start":{"line":29,"column":9},"end":{"line":29,"column":25}},"loc":{"start":{"line":29,"column":32},"end":{"line":35,"column":1}},"line":29},"2":{"name":"verifyAccessToken","decl":{"start":{"line":37,"column":9},"end":{"line":37,"column":26}},"loc":{"start":{"line":37,"column":34},"end":{"line":44,"column":1}},"line":37}},"branchMap":{"0":{"loc":{"start":{"line":5,"column":19},"end":{"line":5,"column":83}},"type":"binary-expr","locations":[{"start":{"line":5,"column":19},"end":{"line":5,"column":41}},{"start":{"line":5,"column":45},"end":{"line":5,"column":83}}],"line":5},"1":{"loc":{"start":{"line":6,"column":23},"end":{"line":6,"column":91}},"type":"binary-expr","locations":[{"start":{"line":6,"column":23},"end":{"line":6,"column":49}},{"start":{"line":6,"column":53},"end":{"line":6,"column":91}}],"line":6}},"s":{"0":2,"1":2,"2":2,"3":2,"4":2,"5":2,"6":4,"7":4,"8":3,"9":2},"f":{"0":4,"1":4,"2":3},"b":{"0":[2,0],"1":[2,0]},"_coverageSchema":"1a1c01bbd47fc00a2c39e90264f33305004495a9","hash":"02af1c47502230020511cf8c85297a3268077239"}
,"C:\\Study\\BackEnd\\user-api\\lib\\prisma.js": {"path":"C:\\Study\\BackEnd\\user-api\\lib\\prisma.js","statementMap":{"0":{"start":{"line":1,"column":25},"end":{"line":1,"column":50}},"1":{"start":{"line":3,"column":15},"end":{"line":3,"column":33}},"2":{"start":{"line":5,"column":0},"end":{"line":7,"column":3}},"3":{"start":{"line":6,"column":2},"end":{"line":6,"column":29}},"4":{"start":{"line":9,"column":0},"end":{"line":9,"column":24}}},"fnMap":{"0":{"name":"(anonymous_0)","decl":{"start":{"line":5,"column":25},"end":{"line":5,"column":26}},"loc":{"start":{"line":5,"column":37},"end":{"line":7,"column":1}},"line":5}},"branchMap":{},"s":{"0":2,"1":2,"2":2,"3":0,"4":2},"f":{"0":0},"b":{},"_coverageSchema":"1a1c01bbd47fc00a2c39e90264f33305004495a9","hash":"826172db792ac5fa25265194facb16a8c521016a"}
,"C:\\Study\\BackEnd\\user-api\\lib\\test-db.js": {"path":"C:\\Study\\BackEnd\\user-api\\lib\\test-db.js","statementMap":{"0":{"start":{"line":2,"column":25},"end":{"line":2,"column":50}},"1":{"start":{"line":4,"column":15},"end":{"line":10,"column":2}},"2":{"start":{"line":13,"column":2},"end":{"line":13,"column":41}},"3":{"start":{"line":14,"column":2},"end":{"line":14,"column":35}},"4":{"start":{"line":15,"column":2},"end":{"line":15,"column":33}},"5":{"start":{"line":18,"column":0},"end":{"line":18,"column":43}}},"fnMap":{"0":{"name":"resetDatabase","decl":{"start":{"line":12,"column":15},"end":{"line":12,"column":28}},"loc":{"start":{"line":12,"column":31},"end":{"line":16,"column":1}},"line":12}},"branchMap":{},"s":{"0":2,"1":2,"2":6,"3":6,"4":6,"5":2},"f":{"0":6},"b":{},"_coverageSchema":"1a1c01bbd47fc00a2c39e90264f33305004495a9","hash":"515ed7447d7e70b6b2dfd84a286e9407e78930ec"}
,"C:\\Study\\BackEnd\\user-api\\middleware\\apiKeyAuth.js": {"path":"C:\\Study\\BackEnd\\user-api\\middleware\\apiKeyAuth.js","statementMap":{"0":{"start":{"line":2,"column":15},"end":{"line":2,"column":32}},"1":{"start":{"line":3,"column":15},"end":{"line":3,"column":39}},"2":{"start":{"line":6,"column":25},"end":{"line":6,"column":49}},"3":{"start":{"line":8,"column":4},"end":{"line":12,"column":5}},"4":{"start":{"line":9,"column":8},"end":{"line":11,"column":11}},"5":{"start":{"line":15,"column":20},"end":{"line":17,"column":22}},"6":{"start":{"line":20,"column":16},"end":{"line":25,"column":6}},"7":{"start":{"line":27,"column":4},"end":{"line":31,"column":5}},"8":{"start":{"line":28,"column":8},"end":{"line":30,"column":11}},"9":{"start":{"line":34,"column":4},"end":{"line":38,"column":5}},"10":{"start":{"line":35,"column":8},"end":{"line":37,"column":11}},"11":{"start":{"line":41,"column":4},"end":{"line":47,"column":7}},"12":{"start":{"line":50,"column":4},"end":{"line":50,"column":21}},"13":{"start":{"line":51,"column":4},"end":{"line":51,"column":34}},"14":{"start":{"line":52,"column":4},"end":{"line":52,"column":11}},"15":{"start":{"line":55,"column":0},"end":{"line":55,"column":35}}},"fnMap":{"0":{"name":"requireApiKey","decl":{"start":{"line":5,"column":15},"end":{"line":5,"column":28}},"loc":{"start":{"line":5,"column":45},"end":{"line":53,"column":1}},"line":5}},"branchMap":{"0":{"loc":{"start":{"line":8,"column":4},"end":{"line":12,"column":5}},"type":"if","locations":[{"start":{"line":8,"column":4},"end":{"line":12,"column":5}},{"start":{},"end":{}}],"line":8},"1":{"loc":{"start":{"line":27,"column":4},"end":{"line":31,"column":5}},"type":"if","locations":[{"start":{"line":27,"column":4},"end":{"line":31,"column":5}},{"start":{},"end":{}}],"line":27},"2":{"loc":{"start":{"line":34,"column":4},"end":{"line":38,"column":5}},"type":"if","locations":[{"start":{"line":34,"column":4},"end":{"line":38,"column":5}},{"start":{},"end":{}}],"line":34}},"s":{"0":2,"1":2,"2":102,"3":102,"4":0,"5":102,"6":102,"7":102,"8":0,"9":102,"10":1,"11":101,"12":101,"13":101,"14":101,"15":2},"f":{"0":102},"b":{"0":[0,102],"1":[0,102],"2":[1,101]},"_coverageSchema":"1a1c01bbd47fc00a2c39e90264f33305004495a9","hash":"742ae95abb40d32f9a25296219f1ecb061454178"}
,"C:\\Study\\BackEnd\\user-api\\middleware\\auth.js": {"path":"C:\\Study\\BackEnd\\user-api\\middleware\\auth.js","statementMap":{"0":{"start":{"line":1,"column":15},"end":{"line":1,"column":32}},"1":{"start":{"line":2,"column":15},"end":{"line":2,"column":32}},"2":{"start":{"line":6,"column":2},"end":{"line":6,"column":65}},"3":{"start":{"line":8,"column":30},"end":{"line":8,"column":51}},"4":{"start":{"line":9,"column":15},"end":{"line":9,"column":39}},"5":{"start":{"line":12,"column":2},"end":{"line":43,"column":3}},"6":{"start":{"line":13,"column":23},"end":{"line":13,"column":51}},"7":{"start":{"line":14,"column":4},"end":{"line":16,"column":5}},"8":{"start":{"line":15,"column":6},"end":{"line":15,"column":112}},"9":{"start":{"line":18,"column":18},"end":{"line":18,"column":52}},"10":{"start":{"line":19,"column":20},"end":{"line":19,"column":44}},"11":{"start":{"line":21,"column":17},"end":{"line":24,"column":6}},"12":{"start":{"line":26,"column":4},"end":{"line":28,"column":5}},"13":{"start":{"line":27,"column":6},"end":{"line":27,"column":70}},"14":{"start":{"line":30,"column":4},"end":{"line":35,"column":6}},"15":{"start":{"line":36,"column":4},"end":{"line":36,"column":11}},"16":{"start":{"line":38,"column":4},"end":{"line":40,"column":5}},"17":{"start":{"line":39,"column":6},"end":{"line":39,"column":73}},"18":{"start":{"line":41,"column":4},"end":{"line":41,"column":51}},"19":{"start":{"line":42,"column":4},"end":{"line":42,"column":61}},"20":{"start":{"line":47,"column":2},"end":{"line":55,"column":4}},"21":{"start":{"line":48,"column":4},"end":{"line":50,"column":5}},"22":{"start":{"line":49,"column":6},"end":{"line":49,"column":66}},"23":{"start":{"line":51,"column":4},"end":{"line":53,"column":5}},"24":{"start":{"line":52,"column":6},"end":{"line":52,"column":107}},"25":{"start":{"line":54,"column":4},"end":{"line":54,"column":11}},"26":{"start":{"line":58,"column":0},"end":{"line":58,"column":46}}},"fnMap":{"0":{"name":"hashToken","decl":{"start":{"line":5,"column":9},"end":{"line":5,"column":18}},"loc":{"start":{"line":5,"column":26},"end":{"line":7,"column":1}},"line":5},"1":{"name":"requireAuth","decl":{"start":{"line":11,"column":15},"end":{"line":11,"column":26}},"loc":{"start":{"line":11,"column":43},"end":{"line":44,"column":1}},"line":11},"2":{"name":"requireRole","decl":{"start":{"line":46,"column":9},"end":{"line":46,"column":20}},"loc":{"start":{"line":46,"column":38},"end":{"line":56,"column":1}},"line":46},"3":{"name":"(anonymous_3)","decl":{"start":{"line":47,"column":9},"end":{"line":47,"column":10}},"loc":{"start":{"line":47,"column":29},"end":{"line":55,"column":3}},"line":47}},"branchMap":{"0":{"loc":{"start":{"line":14,"column":4},"end":{"line":16,"column":5}},"type":"if","locations":[{"start":{"line":14,"column":4},"end":{"line":16,"column":5}},{"start":{},"end":{}}],"line":14},"1":{"loc":{"start":{"line":14,"column":8},"end":{"line":14,"column":56}},"type":"binary-expr","locations":[{"start":{"line":14,"column":8},"end":{"line":14,"column":19}},{"start":{"line":14,"column":23},"end":{"line":14,"column":56}}],"line":14},"2":{"loc":{"start":{"line":26,"column":4},"end":{"line":28,"column":5}},"type":"if","locations":[{"start":{"line":26,"column":4},"end":{"line":28,"column":5}},{"start":{},"end":{}}],"line":26},"3":{"loc":{"start":{"line":38,"column":4},"end":{"line":40,"column":5}},"type":"if","locations":[{"start":{"line":38,"column":4},"end":{"line":40,"column":5}},{"start":{},"end":{}}],"line":38},"4":{"loc":{"start":{"line":48,"column":4},"end":{"line":50,"column":5}},"type":"if","locations":[{"start":{"line":48,"column":4},"end":{"line":50,"column":5}},{"start":{},"end":{}}],"line":48},"5":{"loc":{"start":{"line":51,"column":4},"end":{"line":53,"column":5}},"type":"if","locations":[{"start":{"line":51,"column":4},"end":{"line":53,"column":5}},{"start":{},"end":{}}],"line":51}},"s":{"0":2,"1":2,"2":0,"3":2,"4":2,"5":3,"6":3,"7":3,"8":0,"9":3,"10":3,"11":3,"12":3,"13":0,"14":3,"15":3,"16":0,"17":0,"18":0,"19":0,"20":0,"21":0,"22":0,"23":0,"24":0,"25":0,"26":2},"f":{"0":0,"1":3,"2":0,"3":0},"b":{"0":[0,3],"1":[3,3],"2":[0,3],"3":[0,0],"4":[0,0],"5":[0,0]},"_coverageSchema":"1a1c01bbd47fc00a2c39e90264f33305004495a9","hash":"783d44ffc7387957ad1c1a5e1512b41e9b83b31d"}
,"C:\\Study\\BackEnd\\user-api\\routes\\apiKeys.js": {"path":"C:\\Study\\BackEnd\\user-api\\routes\\apiKeys.js","statementMap":{"0":{"start":{"line":2,"column":16},"end":{"line":2,"column":34}},"1":{"start":{"line":3,"column":15},"end":{"line":3,"column":31}},"2":{"start":{"line":4,"column":15},"end":{"line":4,"column":32}},"3":{"start":{"line":5,"column":24},"end":{"line":5,"column":53}},"4":{"start":{"line":6,"column":15},"end":{"line":6,"column":39}},"5":{"start":{"line":9,"column":0},"end":{"line":40,"column":3}},"6":{"start":{"line":10,"column":51},"end":{"line":10,"column":59}},"7":{"start":{"line":11,"column":19},"end":{"line":11,"column":31}},"8":{"start":{"line":14,"column":19},"end":{"line":14,"column":76}},"9":{"start":{"line":15,"column":20},"end":{"line":15,"column":76}},"10":{"start":{"line":18,"column":19},"end":{"line":18,"column":57}},"11":{"start":{"line":19,"column":18},"end":{"line":19,"column":37}},"12":{"start":{"line":21,"column":19},"end":{"line":30,"column":6}},"13":{"start":{"line":32,"column":4},"end":{"line":39,"column":7}},"14":{"start":{"line":43,"column":0},"end":{"line":57,"column":3}},"15":{"start":{"line":44,"column":17},"end":{"line":55,"column":6}},"16":{"start":{"line":56,"column":4},"end":{"line":56,"column":19}},"17":{"start":{"line":60,"column":0},"end":{"line":75,"column":3}},"18":{"start":{"line":61,"column":15},"end":{"line":61,"column":38}},"19":{"start":{"line":63,"column":16},"end":{"line":65,"column":6}},"20":{"start":{"line":67,"column":4},"end":{"line":67,"column":70}},"21":{"start":{"line":67,"column":14},"end":{"line":67,"column":70}},"22":{"start":{"line":69,"column":4},"end":{"line":72,"column":7}},"23":{"start":{"line":74,"column":4},"end":{"line":74,"column":27}},"24":{"start":{"line":77,"column":0},"end":{"line":77,"column":24}}},"fnMap":{"0":{"name":"(anonymous_0)","decl":{"start":{"line":9,"column":30},"end":{"line":9,"column":31}},"loc":{"start":{"line":9,"column":50},"end":{"line":40,"column":1}},"line":9},"1":{"name":"(anonymous_1)","decl":{"start":{"line":43,"column":29},"end":{"line":43,"column":30}},"loc":{"start":{"line":43,"column":49},"end":{"line":57,"column":1}},"line":43},"2":{"name":"(anonymous_2)","decl":{"start":{"line":60,"column":35},"end":{"line":60,"column":36}},"loc":{"start":{"line":60,"column":55},"end":{"line":75,"column":1}},"line":60}},"branchMap":{"0":{"loc":{"start":{"line":10,"column":12},"end":{"line":10,"column":31}},"type":"default-arg","locations":[{"start":{"line":10,"column":19},"end":{"line":10,"column":31}}],"line":10},"1":{"loc":{"start":{"line":10,"column":33},"end":{"line":10,"column":46}},"type":"default-arg","locations":[{"start":{"line":10,"column":40},"end":{"line":10,"column":46}}],"line":10},"2":{"loc":{"start":{"line":19,"column":18},"end":{"line":19,"column":37}},"type":"binary-expr","locations":[{"start":{"line":19,"column":18},"end":{"line":19,"column":30}},{"start":{"line":19,"column":34},"end":{"line":19,"column":37}}],"line":19},"3":{"loc":{"start":{"line":67,"column":4},"end":{"line":67,"column":70}},"type":"if","locations":[{"start":{"line":67,"column":4},"end":{"line":67,"column":70}},{"start":{},"end":{}}],"line":67}},"s":{"0":2,"1":2,"2":2,"3":2,"4":2,"5":2,"6":3,"7":3,"8":3,"9":3,"10":3,"11":3,"12":3,"13":3,"14":2,"15":0,"16":0,"17":2,"18":0,"19":0,"20":0,"21":0,"22":0,"23":0,"24":2},"f":{"0":3,"1":0,"2":0},"b":{"0":[2],"1":[0],"2":[3,0],"3":[0,0]},"_coverageSchema":"1a1c01bbd47fc00a2c39e90264f33305004495a9","hash":"2483ec8918131569978f3fb3b8f68bd9742324db"}
,"C:\\Study\\BackEnd\\user-api\\routes\\auth.js": {"path":"C:\\Study\\BackEnd\\user-api\\routes\\auth.js","statementMap":{"0":{"start":{"line":1,"column":15},"end":{"line":1,"column":34}},"1":{"start":{"line":2,"column":16},"end":{"line":2,"column":34}},"2":{"start":{"line":3,"column":15},"end":{"line":3,"column":39}},"3":{"start":{"line":4,"column":24},"end":{"line":4,"column":53}},"4":{"start":{"line":5,"column":15},"end":{"line":5,"column":31}},"5":{"start":{"line":6,"column":15},"end":{"line":6,"column":32}},"6":{"start":{"line":7,"column":46},"end":{"line":7,"column":67}},"7":{"start":{"line":9,"column":0},"end":{"line":9,"column":58}},"8":{"start":{"line":9,"column":34},"end":{"line":9,"column":56}},"9":{"start":{"line":10,"column":15},"end":{"line":10,"column":32}},"10":{"start":{"line":14,"column":2},"end":{"line":14,"column":65}},"11":{"start":{"line":17,"column":20},"end":{"line":17,"column":22}},"12":{"start":{"line":19,"column":0},"end":{"line":69,"column":3}},"13":{"start":{"line":20,"column":2},"end":{"line":68,"column":3}},"14":{"start":{"line":21,"column":38},"end":{"line":21,"column":46}},"15":{"start":{"line":24,"column":4},"end":{"line":26,"column":5}},"16":{"start":{"line":25,"column":6},"end":{"line":25,"column":68}},"17":{"start":{"line":29,"column":21},"end":{"line":29,"column":37}},"18":{"start":{"line":30,"column":4},"end":{"line":38,"column":5}},"19":{"start":{"line":31,"column":6},"end":{"line":37,"column":9}},"20":{"start":{"line":41,"column":21},"end":{"line":41,"column":71}},"21":{"start":{"line":42,"column":4},"end":{"line":44,"column":5}},"22":{"start":{"line":43,"column":6},"end":{"line":43,"column":61}},"23":{"start":{"line":47,"column":25},"end":{"line":47,"column":65}},"24":{"start":{"line":49,"column":17},"end":{"line":57,"column":6}},"25":{"start":{"line":59,"column":4},"end":{"line":59,"column":60}},"26":{"start":{"line":63,"column":4},"end":{"line":63,"column":51}},"27":{"start":{"line":64,"column":4},"end":{"line":67,"column":7}},"28":{"start":{"line":72,"column":0},"end":{"line":156,"column":3}},"29":{"start":{"line":73,"column":2},"end":{"line":155,"column":3}},"30":{"start":{"line":74,"column":32},"end":{"line":74,"column":40}},"31":{"start":{"line":75,"column":4},"end":{"line":77,"column":5}},"32":{"start":{"line":76,"column":6},"end":{"line":76,"column":76}},"33":{"start":{"line":79,"column":17},"end":{"line":79,"column":67}},"34":{"start":{"line":82,"column":4},"end":{"line":91,"column":5}},"35":{"start":{"line":83,"column":26},"end":{"line":83,"column":65}},"36":{"start":{"line":84,"column":27},"end":{"line":84,"column":57}},"37":{"start":{"line":85,"column":6},"end":{"line":90,"column":9}},"38":{"start":{"line":94,"column":28},"end":{"line":96,"column":13}},"39":{"start":{"line":98,"column":4},"end":{"line":129,"column":5}},"40":{"start":{"line":100,"column":23},"end":{"line":100,"column":56}},"41":{"start":{"line":102,"column":6},"end":{"line":116,"column":7}},"42":{"start":{"line":104,"column":8},"end":{"line":110,"column":11}},"43":{"start":{"line":111,"column":8},"end":{"line":115,"column":11}},"44":{"start":{"line":118,"column":6},"end":{"line":123,"column":7}},"45":{"start":{"line":119,"column":8},"end":{"line":122,"column":11}},"46":{"start":{"line":125,"column":6},"end":{"line":128,"column":9}},"47":{"start":{"line":132,"column":4},"end":{"line":135,"column":7}},"48":{"start":{"line":138,"column":24},"end":{"line":138,"column":45}},"49":{"start":{"line":139,"column":25},"end":{"line":139,"column":47}},"50":{"start":{"line":142,"column":22},"end":{"line":142,"column":45}},"51":{"start":{"line":143,"column":4},"end":{"line":149,"column":7}},"52":{"start":{"line":151,"column":4},"end":{"line":151,"column":50}},"53":{"start":{"line":153,"column":4},"end":{"line":153,"column":41}},"54":{"start":{"line":154,"column":4},"end":{"line":154,"column":52}},"55":{"start":{"line":159,"column":0},"end":{"line":181,"column":3}},"56":{"start":{"line":160,"column":2},"end":{"line":180,"column":3}},"57":{"start":{"line":161,"column":29},"end":{"line":161,"column":37}},"58":{"start":{"line":162,"column":4},"end":{"line":164,"column":5}},"59":{"start":{"line":163,"column":6},"end":{"line":163,"column":71}},"60":{"start":{"line":166,"column":22},"end":{"line":166,"column":45}},"61":{"start":{"line":169,"column":4},"end":{"line":174,"column":7}},"62":{"start":{"line":176,"column":4},"end":{"line":176,"column":53}},"63":{"start":{"line":178,"column":4},"end":{"line":178,"column":42}},"64":{"start":{"line":179,"column":4},"end":{"line":179,"column":53}},"65":{"start":{"line":184,"column":0},"end":{"line":194,"column":3}},"66":{"start":{"line":185,"column":2},"end":{"line":193,"column":3}},"67":{"start":{"line":186,"column":4},"end":{"line":188,"column":7}},"68":{"start":{"line":189,"column":4},"end":{"line":189,"column":55}},"69":{"start":{"line":191,"column":4},"end":{"line":191,"column":46}},"70":{"start":{"line":192,"column":4},"end":{"line":192,"column":72}},"71":{"start":{"line":195,"column":0},"end":{"line":195,"column":23}}},"fnMap":{"0":{"name":"(anonymous_0)","decl":{"start":{"line":9,"column":20},"end":{"line":9,"column":21}},"loc":{"start":{"line":9,"column":34},"end":{"line":9,"column":56}},"line":9},"1":{"name":"hashToken","decl":{"start":{"line":13,"column":9},"end":{"line":13,"column":18}},"loc":{"start":{"line":13,"column":26},"end":{"line":15,"column":1}},"line":13},"2":{"name":"(anonymous_2)","decl":{"start":{"line":19,"column":25},"end":{"line":19,"column":26}},"loc":{"start":{"line":19,"column":45},"end":{"line":69,"column":1}},"line":19},"3":{"name":"(anonymous_3)","decl":{"start":{"line":72,"column":22},"end":{"line":72,"column":23}},"loc":{"start":{"line":72,"column":42},"end":{"line":156,"column":1}},"line":72},"4":{"name":"(anonymous_4)","decl":{"start":{"line":159,"column":36},"end":{"line":159,"column":37}},"loc":{"start":{"line":159,"column":56},"end":{"line":181,"column":1}},"line":159},"5":{"name":"(anonymous_5)","decl":{"start":{"line":184,"column":40},"end":{"line":184,"column":41}},"loc":{"start":{"line":184,"column":60},"end":{"line":194,"column":1}},"line":184}},"branchMap":{"0":{"loc":{"start":{"line":24,"column":4},"end":{"line":26,"column":5}},"type":"if","locations":[{"start":{"line":24,"column":4},"end":{"line":26,"column":5}},{"start":{},"end":{}}],"line":24},"1":{"loc":{"start":{"line":24,"column":8},"end":{"line":24,"column":36}},"type":"binary-expr","locations":[{"start":{"line":24,"column":8},"end":{"line":24,"column":14}},{"start":{"line":24,"column":18},"end":{"line":24,"column":23}},{"start":{"line":24,"column":27},"end":{"line":24,"column":36}}],"line":24},"2":{"loc":{"start":{"line":30,"column":4},"end":{"line":38,"column":5}},"type":"if","locations":[{"start":{"line":30,"column":4},"end":{"line":38,"column":5}},{"start":{},"end":{}}],"line":30},"3":{"loc":{"start":{"line":34,"column":19},"end":{"line":34,"column":125}},"type":"cond-expr","locations":[{"start":{"line":34,"column":50},"end":{"line":34,"column":113}},{"start":{"line":34,"column":116},"end":{"line":34,"column":125}}],"line":34},"4":{"loc":{"start":{"line":42,"column":4},"end":{"line":44,"column":5}},"type":"if","locations":[{"start":{"line":42,"column":4},"end":{"line":44,"column":5}},{"start":{},"end":{}}],"line":42},"5":{"loc":{"start":{"line":75,"column":4},"end":{"line":77,"column":5}},"type":"if","locations":[{"start":{"line":75,"column":4},"end":{"line":77,"column":5}},{"start":{},"end":{}}],"line":75},"6":{"loc":{"start":{"line":75,"column":8},"end":{"line":75,"column":27}},"type":"binary-expr","locations":[{"start":{"line":75,"column":8},"end":{"line":75,"column":14}},{"start":{"line":75,"column":18},"end":{"line":75,"column":27}}],"line":75},"7":{"loc":{"start":{"line":82,"column":4},"end":{"line":91,"column":5}},"type":"if","locations":[{"start":{"line":82,"column":4},"end":{"line":91,"column":5}},{"start":{},"end":{}}],"line":82},"8":{"loc":{"start":{"line":82,"column":8},"end":{"line":82,"column":68}},"type":"binary-expr","locations":[{"start":{"line":82,"column":8},"end":{"line":82,"column":25}},{"start":{"line":82,"column":29},"end":{"line":82,"column":68}}],"line":82},"9":{"loc":{"start":{"line":94,"column":28},"end":{"line":96,"column":13}},"type":"cond-expr","locations":[{"start":{"line":95,"column":8},"end":{"line":95,"column":57}},{"start":{"line":96,"column":8},"end":{"line":96,"column":13}}],"line":94},"10":{"loc":{"start":{"line":94,"column":28},"end":{"line":94,"column":53}},"type":"binary-expr","locations":[{"start":{"line":94,"column":28},"end":{"line":94,"column":32}},{"start":{"line":94,"column":36},"end":{"line":94,"column":53}}],"line":94},"11":{"loc":{"start":{"line":98,"column":4},"end":{"line":129,"column":5}},"type":"if","locations":[{"start":{"line":98,"column":4},"end":{"line":129,"column":5}},{"start":{},"end":{}}],"line":98},"12":{"loc":{"start":{"line":100,"column":24},"end":{"line":100,"column":51}},"type":"binary-expr","locations":[{"start":{"line":100,"column":24},"end":{"line":100,"column":46}},{"start":{"line":100,"column":50},"end":{"line":100,"column":51}}],"line":100},"13":{"loc":{"start":{"line":102,"column":6},"end":{"line":116,"column":7}},"type":"if","locations":[{"start":{"line":102,"column":6},"end":{"line":116,"column":7}},{"start":{},"end":{}}],"line":102},"14":{"loc":{"start":{"line":102,"column":10},"end":{"line":102,"column":31}},"type":"binary-expr","locations":[{"start":{"line":102,"column":10},"end":{"line":102,"column":14}},{"start":{"line":102,"column":18},"end":{"line":102,"column":31}}],"line":102},"15":{"loc":{"start":{"line":118,"column":6},"end":{"line":123,"column":7}},"type":"if","locations":[{"start":{"line":118,"column":6},"end":{"line":123,"column":7}},{"start":{},"end":{}}],"line":118},"16":{"loc":{"start":{"line":127,"column":27},"end":{"line":127,"column":50}},"type":"cond-expr","locations":[{"start":{"line":127,"column":34},"end":{"line":127,"column":46}},{"start":{"line":127,"column":49},"end":{"line":127,"column":50}}],"line":127},"17":{"loc":{"start":{"line":162,"column":4},"end":{"line":164,"column":5}},"type":"if","locations":[{"start":{"line":162,"column":4},"end":{"line":164,"column":5}},{"start":{},"end":{}}],"line":162}},"s":{"0":2,"1":2,"2":2,"3":2,"4":2,"5":2,"6":2,"7":2,"8":0,"9":2,"10":4,"11":2,"12":2,"13":6,"14":6,"15":6,"16":0,"17":6,"18":6,"19":0,"20":6,"21":6,"22":0,"23":6,"24":6,"25":6,"26":0,"27":0,"28":2,"29":18,"30":18,"31":18,"32":0,"33":18,"34":18,"35":1,"36":1,"37":1,"38":17,"39":17,"40":13,"41":13,"42":2,"43":2,"44":11,"45":11,"46":11,"47":4,"48":4,"49":4,"50":4,"51":4,"52":4,"53":0,"54":0,"55":2,"56":0,"57":0,"58":0,"59":0,"60":0,"61":0,"62":0,"63":0,"64":0,"65":2,"66":0,"67":0,"68":0,"69":0,"70":0,"71":2},"f":{"0":0,"1":4,"2":6,"3":18,"4":0,"5":0},"b":{"0":[0,6],"1":[6,6,6],"2":[0,6],"3":[0,0],"4":[0,6],"5":[0,18],"6":[18,18],"7":[1,17],"8":[18,1],"9":[17,0],"10":[17,17],"11":[13,4],"12":[13,4],"13":[2,11],"14":[13,13],"15":[11,0],"16":[11,0],"17":[0,0]},"_coverageSchema":"1a1c01bbd47fc00a2c39e90264f33305004495a9","hash":"16a00bff9dd0a61f924c1e57b6d3e910550f9b87"}
,"C:\\Study\\BackEnd\\user-api\\routes\\data.js": {"path":"C:\\Study\\BackEnd\\user-api\\routes\\data.js","statementMap":{"0":{"start":{"line":1,"column":16},"end":{"line":1,"column":34}},"1":{"start":{"line":2,"column":15},"end":{"line":2,"column":31}},"2":{"start":{"line":3,"column":26},"end":{"line":3,"column":61}},"3":{"start":{"line":4,"column":18},"end":{"line":4,"column":47}},"4":{"start":{"line":6,"column":22},"end":{"line":9,"column":1}},"5":{"start":{"line":7,"column":18},"end":{"line":7,"column":135}},"6":{"start":{"line":7,"column":114},"end":{"line":7,"column":132}},"7":{"start":{"line":8,"column":2},"end":{"line":8,"column":26}},"8":{"start":{"line":12,"column":0},"end":{"line":20,"column":3}},"9":{"start":{"line":13,"column":4},"end":{"line":19,"column":7}},"10":{"start":{"line":23,"column":0},"end":{"line":32,"column":3}},"11":{"start":{"line":24,"column":23},"end":{"line":24,"column":32}},"12":{"start":{"line":25,"column":19},"end":{"line":25,"column":56}},"13":{"start":{"line":27,"column":4},"end":{"line":31,"column":7}},"14":{"start":{"line":34,"column":0},"end":{"line":34,"column":24}}},"fnMap":{"0":{"name":"(anonymous_0)","decl":{"start":{"line":6,"column":22},"end":{"line":6,"column":23}},"loc":{"start":{"line":6,"column":42},"end":{"line":9,"column":1}},"line":6},"1":{"name":"(anonymous_1)","decl":{"start":{"line":7,"column":108},"end":{"line":7,"column":109}},"loc":{"start":{"line":7,"column":114},"end":{"line":7,"column":132}},"line":7},"2":{"name":"(anonymous_2)","decl":{"start":{"line":12,"column":38},"end":{"line":12,"column":39}},"loc":{"start":{"line":12,"column":52},"end":{"line":20,"column":1}},"line":12},"3":{"name":"(anonymous_3)","decl":{"start":{"line":23,"column":37},"end":{"line":23,"column":38}},"loc":{"start":{"line":23,"column":51},"end":{"line":32,"column":1}},"line":23}},"branchMap":{"0":{"loc":{"start":{"line":7,"column":56},"end":{"line":7,"column":92}},"type":"cond-expr","locations":[{"start":{"line":7,"column":84},"end":{"line":7,"column":87}},{"start":{"line":7,"column":90},"end":{"line":7,"column":92}}],"line":7},"1":{"loc":{"start":{"line":28,"column":16},"end":{"line":28,"column":35}},"type":"binary-expr","locations":[{"start":{"line":28,"column":16},"end":{"line":28,"column":22}},{"start":{"line":28,"column":26},"end":{"line":28,"column":35}}],"line":28},"2":{"loc":{"start":{"line":29,"column":15},"end":{"line":29,"column":36}},"type":"binary-expr","locations":[{"start":{"line":29,"column":15},"end":{"line":29,"column":29}},{"start":{"line":29,"column":33},"end":{"line":29,"column":36}}],"line":29}},"s":{"0":2,"1":2,"2":2,"3":2,"4":2,"5":0,"6":0,"7":0,"8":2,"9":101,"10":2,"11":0,"12":0,"13":0,"14":2},"f":{"0":0,"1":0,"2":101,"3":0},"b":{"0":[0,0],"1":[0,0],"2":[0,0]},"_coverageSchema":"1a1c01bbd47fc00a2c39e90264f33305004495a9","hash":"66f90e0c8bc00cbeae608b62246e120dbaf1d07d"}
}
