TN:
SF:app.test.js
FNF:0
FNH:0
DA:2,2
DA:3,2
DA:5,2
DA:7,2
DA:8,2
DA:9,2
DA:11,2
DA:12,2
DA:13,2
DA:15,2
LF:10
LH:10
BRF:0
BRH:0
end_of_record
TN:
SF:lib\jwt.js
FN:11,signAccessToken
FN:29,signRefreshToken
FN:37,verifyAccessToken
FNF:3
FNH:3
FNDA:4,signAccessToken
FNDA:4,signRefreshToken
FNDA:3,verifyAccessToken
DA:1,2
DA:2,2
DA:5,2
DA:6,2
DA:8,2
DA:9,2
DA:12,4
DA:30,4
DA:39,3
DA:46,2
LF:10
LH:10
BRDA:5,0,0,2
BRDA:5,0,1,0
BRDA:6,1,0,2
BRDA:6,1,1,0
BRF:4
BRH:2
end_of_record
TN:
SF:lib\prisma.js
FN:5,(anonymous_0)
FNF:1
FNH:0
FNDA:0,(anonymous_0)
DA:1,2
DA:3,2
DA:5,2
DA:6,0
DA:9,2
LF:5
LH:4
BRF:0
BRH:0
end_of_record
TN:
SF:lib\test-db.js
FN:12,resetDatabase
FNF:1
FNH:1
FNDA:6,resetDatabase
DA:2,2
DA:4,2
DA:13,6
DA:14,6
DA:15,6
DA:18,2
LF:6
LH:6
BRF:0
BRH:0
end_of_record
TN:
SF:middleware\apiKeyAuth.js
FN:5,requireApiKey
FNF:1
FNH:1
FNDA:102,requireApiKey
DA:2,2
DA:3,2
DA:6,102
DA:8,102
DA:9,0
DA:15,102
DA:20,102
DA:27,102
DA:28,0
DA:34,102
DA:35,1
DA:41,101
DA:50,101
DA:51,101
DA:52,101
DA:55,2
LF:16
LH:14
BRDA:8,0,0,0
BRDA:8,0,1,102
BRDA:27,1,0,0
BRDA:27,1,1,102
BRDA:34,2,0,1
BRDA:34,2,1,101
BRF:6
BRH:4
end_of_record
TN:
SF:middleware\auth.js
FN:5,hashToken
FN:11,requireAuth
FN:46,requireRole
FN:47,(anonymous_3)
FNF:4
FNH:1
FNDA:0,hashToken
FNDA:3,requireAuth
FNDA:0,requireRole
FNDA:0,(anonymous_3)
DA:1,2
DA:2,2
DA:6,0
DA:8,2
DA:9,2
DA:12,3
DA:13,3
DA:14,3
DA:15,0
DA:18,3
DA:19,3
DA:21,3
DA:26,3
DA:27,0
DA:30,3
DA:36,3
DA:38,0
DA:39,0
DA:41,0
DA:42,0
DA:47,0
DA:48,0
DA:49,0
DA:51,0
DA:52,0
DA:54,0
DA:58,2
LF:27
LH:14
BRDA:14,0,0,0
BRDA:14,0,1,3
BRDA:14,1,0,3
BRDA:14,1,1,3
BRDA:26,2,0,0
BRDA:26,2,1,3
BRDA:38,3,0,0
BRDA:38,3,1,0
BRDA:48,4,0,0
BRDA:48,4,1,0
BRDA:51,5,0,0
BRDA:51,5,1,0
BRF:12
BRH:4
end_of_record
TN:
SF:routes\apiKeys.js
FN:9,(anonymous_0)
FN:43,(anonymous_1)
FN:60,(anonymous_2)
FNF:3
FNH:1
FNDA:3,(anonymous_0)
FNDA:0,(anonymous_1)
FNDA:0,(anonymous_2)
DA:2,2
DA:3,2
DA:4,2
DA:5,2
DA:6,2
DA:9,2
DA:10,3
DA:11,3
DA:14,3
DA:15,3
DA:18,3
DA:19,3
DA:21,3
DA:32,3
DA:43,2
DA:44,0
DA:56,0
DA:60,2
DA:61,0
DA:63,0
DA:67,0
DA:69,0
DA:74,0
DA:77,2
LF:24
LH:17
BRDA:10,0,0,2
BRDA:10,1,0,0
BRDA:19,2,0,3
BRDA:19,2,1,0
BRDA:67,3,0,0
BRDA:67,3,1,0
BRF:6
BRH:2
end_of_record
TN:
SF:routes\auth.js
FN:9,(anonymous_0)
FN:13,hashToken
FN:19,(anonymous_2)
FN:72,(anonymous_3)
FN:159,(anonymous_4)
FN:184,(anonymous_5)
FNF:6
FNH:3
FNDA:0,(anonymous_0)
FNDA:4,hashToken
FNDA:6,(anonymous_2)
FNDA:18,(anonymous_3)
FNDA:0,(anonymous_4)
FNDA:0,(anonymous_5)
DA:1,2
DA:2,2
DA:3,2
DA:4,2
DA:5,2
DA:6,2
DA:7,2
DA:9,2
DA:10,2
DA:14,4
DA:17,2
DA:19,2
DA:20,6
DA:21,6
DA:24,6
DA:25,0
DA:29,6
DA:30,6
DA:31,0
DA:41,6
DA:42,6
DA:43,0
DA:47,6
DA:49,6
DA:59,6
DA:63,0
DA:64,0
DA:72,2
DA:73,18
DA:74,18
DA:75,18
DA:76,0
DA:79,18
DA:82,18
DA:83,1
DA:84,1
DA:85,1
DA:94,17
DA:98,17
DA:100,13
DA:102,13
DA:104,2
DA:111,2
DA:118,11
DA:119,11
DA:125,11
DA:132,4
DA:138,4
DA:139,4
DA:142,4
DA:143,4
DA:151,4
DA:153,0
DA:154,0
DA:159,2
DA:160,0
DA:161,0
DA:162,0
DA:163,0
DA:166,0
DA:169,0
DA:176,0
DA:178,0
DA:179,0
DA:184,2
DA:185,0
DA:186,0
DA:189,0
DA:191,0
DA:192,0
DA:195,2
LF:71
LH:49
BRDA:24,0,0,0
BRDA:24,0,1,6
BRDA:24,1,0,6
BRDA:24,1,1,6
BRDA:24,1,2,6
BRDA:30,2,0,0
BRDA:30,2,1,6
BRDA:34,3,0,0
BRDA:34,3,1,0
BRDA:42,4,0,0
BRDA:42,4,1,6
BRDA:75,5,0,0
BRDA:75,5,1,18
BRDA:75,6,0,18
BRDA:75,6,1,18
BRDA:82,7,0,1
BRDA:82,7,1,17
BRDA:82,8,0,18
BRDA:82,8,1,1
BRDA:94,9,0,17
BRDA:94,9,1,0
BRDA:94,10,0,17
BRDA:94,10,1,17
BRDA:98,11,0,13
BRDA:98,11,1,4
BRDA:100,12,0,13
BRDA:100,12,1,4
BRDA:102,13,0,2
BRDA:102,13,1,11
BRDA:102,14,0,13
BRDA:102,14,1,13
BRDA:118,15,0,11
BRDA:118,15,1,0
BRDA:127,16,0,11
BRDA:127,16,1,0
BRDA:162,17,0,0
BRDA:162,17,1,0
BRF:37
BRH:26
end_of_record
TN:
SF:routes\data.js
FN:6,(anonymous_0)
FN:7,(anonymous_1)
FN:12,(anonymous_2)
FN:23,(anonymous_3)
FNF:4
FNH:1
FNDA:0,(anonymous_0)
FNDA:0,(anonymous_1)
FNDA:101,(anonymous_2)
FNDA:0,(anonymous_3)
DA:1,2
DA:2,2
DA:3,2
DA:4,2
DA:6,2
DA:7,0
DA:8,0
DA:12,2
DA:13,101
DA:23,2
DA:24,0
DA:25,0
DA:27,0
DA:34,2
LF:14
LH:9
BRDA:7,0,0,0
BRDA:7,0,1,0
BRDA:28,1,0,0
BRDA:28,1,1,0
BRDA:29,2,0,0
BRDA:29,2,1,0
BRF:6
BRH:0
end_of_record
